<?xml version="1.0" encoding="UTF-8"?>
<testng-results ignored="0" total="1" passed="1" failed="0" skipped="0">
  <reporter-output>
  </reporter-output>
  <suite started-at="2025-01-01T21:03:36 IST" name="Suite" finished-at="2025-01-01T21:03:47 IST" duration-ms="10893">
    <groups>
    </groups>
    <test started-at="2025-01-01T21:03:36 IST" name="Test" finished-at="2025-01-01T21:03:47 IST" duration-ms="10893">
      <class name="TestScript.QALegendNoteTest">
        <test-method is-config="true" signature="browserInitialization(java.lang.String)[pri:0, instance:TestScript.QALegendNoteTest@741a8937]" started-at="2025-01-01T21:03:36 IST" name="browserInitialization" finished-at="2025-01-01T21:03:40 IST" duration-ms="4213" status="PASS">
          <params>
            <param index="0">
              <value>
                <![CDATA[Chrome]]>
              </value>
            </param>
          </params>
          <reporter-output>
          </reporter-output>
        </test-method> <!-- browserInitialization -->
        <test-method signature="addNotesTestcases()[pri:0, instance:TestScript.QALegendNoteTest@741a8937]" started-at="2025-01-01T21:03:40 IST" name="addNotesTestcases" finished-at="2025-01-01T21:03:47 IST" duration-ms="6618" status="PASS">
          <reporter-output>
          </reporter-output>
        </test-method> <!-- addNotesTestcases -->
        <test-method is-config="true" signature="afterMethod(org.testng.ITestResult)[pri:0, instance:TestScript.QALegendNoteTest@741a8937]" started-at="2025-01-01T21:03:47 IST" name="afterMethod" finished-at="2025-01-01T21:03:47 IST" duration-ms="1" status="PASS">
          <params>
            <param index="0">
              <value>
                <![CDATA[[TestResult name=addNotesTestcases status=SUCCESS method=QALegendNoteTest.addNotesTestcases()[pri:0, instance:TestScript.QALegendNoteTest@741a8937] output={null}]]]>
              </value>
            </param>
          </params>
          <reporter-output>
          </reporter-output>
        </test-method> <!-- afterMethod -->
      </class> <!-- TestScript.QALegendNoteTest -->
    </test> <!-- Test -->
  </suite> <!-- Suite -->
</testng-results>
