<?xml version="1.0" encoding="UTF-8"?>
<testng-results ignored="0" total="2" passed="2" failed="0" skipped="0">
  <reporter-output>
  </reporter-output>
  <suite started-at="2024-12-28T19:12:19 IST" name="Suite" finished-at="2024-12-28T19:12:30 IST" duration-ms="10493">
    <groups>
    </groups>
    <test started-at="2024-12-28T19:12:19 IST" name="Test" finished-at="2024-12-28T19:12:30 IST" duration-ms="10493">
      <class name="TestScript.QALegendEventTest">
        <test-method is-config="true" signature="browserInitialization(java.lang.String)[pri:0, instance:TestScript.QALegendEventTest@34a3d150]" started-at="2024-12-28T19:12:19 IST" name="browserInitialization" finished-at="2024-12-28T19:12:21 IST" duration-ms="1935" status="PASS">
          <params>
            <param index="0">
              <value>
                <![CDATA[chrome]]>
              </value>
            </param>
          </params>
          <reporter-output>
          </reporter-output>
        </test-method> <!-- browserInitialization -->
        <test-method signature="addEventTestcase()[pri:0, instance:TestScript.QALegendEventTest@34a3d150]" started-at="2024-12-28T19:12:21 IST" name="addEventTestcase" finished-at="2024-12-28T19:12:24 IST" duration-ms="2592" status="PASS">
          <reporter-output>
          </reporter-output>
        </test-method> <!-- addEventTestcase -->
        <test-method is-config="true" signature="afterMethod(org.testng.ITestResult)[pri:0, instance:TestScript.QALegendEventTest@34a3d150]" started-at="2024-12-28T19:12:24 IST" name="afterMethod" finished-at="2024-12-28T19:12:24 IST" duration-ms="1" status="PASS">
          <params>
            <param index="0">
              <value>
                <![CDATA[[TestResult name=addEventTestcase status=SUCCESS method=QALegendEventTest.addEventTestcase()[pri:0, instance:TestScript.QALegendEventTest@34a3d150] output={null}]]]>
              </value>
            </param>
          </params>
          <reporter-output>
          </reporter-output>
        </test-method> <!-- afterMethod -->
      </class> <!-- TestScript.QALegendEventTest -->
      <class name="TestScript.QALegendTasksTest">
        <test-method is-config="true" signature="browserInitialization(java.lang.String)[pri:0, instance:TestScript.QALegendTasksTest@5bf0d49]" started-at="2024-12-28T19:12:24 IST" name="browserInitialization" finished-at="2024-12-28T19:12:25 IST" duration-ms="1402" status="PASS">
          <params>
            <param index="0">
              <value>
                <![CDATA[chrome]]>
              </value>
            </param>
          </params>
          <reporter-output>
          </reporter-output>
        </test-method> <!-- browserInitialization -->
        <test-method signature="addTasksTestcase()[pri:0, instance:TestScript.QALegendTasksTest@5bf0d49]" started-at="2024-12-28T19:12:25 IST" name="addTasksTestcase" finished-at="2024-12-28T19:12:30 IST" duration-ms="4512" status="PASS">
          <reporter-output>
          </reporter-output>
        </test-method> <!-- addTasksTestcase -->
        <test-method is-config="true" signature="afterMethod(org.testng.ITestResult)[pri:0, instance:TestScript.QALegendTasksTest@5bf0d49]" started-at="2024-12-28T19:12:30 IST" name="afterMethod" finished-at="2024-12-28T19:12:30 IST" duration-ms="0" status="PASS">
          <params>
            <param index="0">
              <value>
                <![CDATA[[TestResult name=addTasksTestcase status=SUCCESS method=QALegendTasksTest.addTasksTestcase()[pri:0, instance:TestScript.QALegendTasksTest@5bf0d49] output={null}]]]>
              </value>
            </param>
          </params>
          <reporter-output>
          </reporter-output>
        </test-method> <!-- afterMethod -->
      </class> <!-- TestScript.QALegendTasksTest -->
    </test> <!-- Test -->
  </suite> <!-- Suite -->
</testng-results>
